  application.cpp
C:\Users\thoga\source\repos\cpp-image-processing\project\project\viewpathinput.h(3,10): warning C4067: jetons inattendus après la directive du préprocesseur - saut de ligne attendu
C:\Users\thoga\source\repos\cpp-image-processing\project\project\viewmedianblur.h(2,10): warning C4067: jetons inattendus après la directive du préprocesseur - saut de ligne attendu
C:\Users\thoga\source\repos\cpp-image-processing\project\project\viewgaussianblur.h(2,10): warning C4067: jetons inattendus après la directive du préprocesseur - saut de ligne attendu
C:\Users\thoga\source\repos\cpp-image-processing\project\project\viewgradient.h(2,10): warning C4067: jetons inattendus après la directive du préprocesseur - saut de ligne attendu
C:\Users\thoga\source\repos\cpp-image-processing\project\project\viewdilation.h(2,10): warning C4067: jetons inattendus après la directive du préprocesseur - saut de ligne attendu
C:\Users\thoga\source\repos\cpp-image-processing\project\project\viewerosion.h(2,10): warning C4067: jetons inattendus après la directive du préprocesseur - saut de ligne attendu
C:\Users\thoga\source\repos\cpp-image-processing\project\project\viewpreview.h(3,10): warning C4067: jetons inattendus après la directive du préprocesseur - saut de ligne attendu
  controller.cpp
  image.cpp
  main.cpp
C:\Users\thoga\source\repos\cpp-image-processing\project\project\viewpathinput.h(3,10): warning C4067: jetons inattendus après la directive du préprocesseur - saut de ligne attendu
C:\Users\thoga\source\repos\cpp-image-processing\project\project\viewmedianblur.h(2,10): warning C4067: jetons inattendus après la directive du préprocesseur - saut de ligne attendu
C:\Users\thoga\source\repos\cpp-image-processing\project\project\viewgaussianblur.h(2,10): warning C4067: jetons inattendus après la directive du préprocesseur - saut de ligne attendu
C:\Users\thoga\source\repos\cpp-image-processing\project\project\viewgradient.h(2,10): warning C4067: jetons inattendus après la directive du préprocesseur - saut de ligne attendu
C:\Users\thoga\source\repos\cpp-image-processing\project\project\viewdilation.h(2,10): warning C4067: jetons inattendus après la directive du préprocesseur - saut de ligne attendu
C:\Users\thoga\source\repos\cpp-image-processing\project\project\viewerosion.h(2,10): warning C4067: jetons inattendus après la directive du préprocesseur - saut de ligne attendu
C:\Users\thoga\source\repos\cpp-image-processing\project\project\viewpreview.h(3,10): warning C4067: jetons inattendus après la directive du préprocesseur - saut de ligne attendu
  viewdilation.cpp
C:\Users\thoga\source\repos\cpp-image-processing\project\project\viewdilation.h(2,10): warning C4067: jetons inattendus après la directive du préprocesseur - saut de ligne attendu
  viewerosion.cpp
C:\Users\thoga\source\repos\cpp-image-processing\project\project\viewerosion.h(2,10): warning C4067: jetons inattendus après la directive du préprocesseur - saut de ligne attendu
  viewgaussianblur.cpp
C:\Users\thoga\source\repos\cpp-image-processing\project\project\viewgaussianblur.h(2,10): warning C4067: jetons inattendus après la directive du préprocesseur - saut de ligne attendu
  viewgradient.cpp
C:\Users\thoga\source\repos\cpp-image-processing\project\project\viewgradient.h(2,10): warning C4067: jetons inattendus après la directive du préprocesseur - saut de ligne attendu
  viewmedianblur.cpp
C:\Users\thoga\source\repos\cpp-image-processing\project\project\viewmedianblur.h(2,10): warning C4067: jetons inattendus après la directive du préprocesseur - saut de ligne attendu
  viewmenu.cpp
  viewpathinput.cpp
C:\Users\thoga\source\repos\cpp-image-processing\project\project\viewpathinput.h(3,10): warning C4067: jetons inattendus après la directive du préprocesseur - saut de ligne attendu
  viewpreview.cpp
C:\Users\thoga\source\repos\cpp-image-processing\project\project\viewpreview.h(3,10): warning C4067: jetons inattendus après la directive du préprocesseur - saut de ligne attendu
  Génération de code en cours...
  project.vcxproj -> C:\Users\thoga\source\repos\cpp-image-processing\project\x64\Debug\project.exe
